<?xml version="1.0" encoding="UTF-8"?>
<!-- Generated by org.testng.reporters.JUnitReportReporter -->
<testsuite hostname="LAPTOP-0C21L1K2" failures="0" tests="2" name="TimeTracking.ActiTimeImplementaion.Features" time="26.781" errors="0" timestamp="2023-09-30T13:11:44 IST" skipped="0">
  <testcase classname="TimeTracking.ActiTimeImplementaion.Features" name="LogoutFunctionality" time="8.808"/>
  <system-out/>
  <testcase classname="TimeTracking.ActiTimeImplementaion.Features" name="UserList" time="17.973"/>
  <system-out/>
</testsuite> <!-- TimeTracking.ActiTimeImplementaion.Features -->
