<?xml version="1.0" encoding="UTF-8"?>
<!-- Generated by org.testng.reporters.JUnitReportReporter -->
<testsuite hostname="LAPTOP-0C21L1K2" failures="0" tests="1" name="TimeTracking.ActiTimeImplementaion.LogoutFeature" time="32.426" errors="0" timestamp="2023-09-23T15:18:07 IST" skipped="0">
  <testcase classname="TimeTracking.ActiTimeImplementaion.LogoutFeature" name="LogoutFunctionality" time="32.426"/>
  <system-out/>
</testsuite> <!-- TimeTracking.ActiTimeImplementaion.LogoutFeature -->
